{"timestamp":"2025-09-13T09:51:08.610523","level":"info","event":"DAG bundles loaded: dags-folder","logger":"airflow.dag_processing.bundles.manager.DagBundlesManager"}
{"timestamp":"2025-09-13T09:51:08.610866","level":"info","event":"Filling up the DagBag from /opt/airflow/dags/parse_habr_dag.py","logger":"airflow.models.dagbag.DagBag"}
{"timestamp":"2025-09-13T09:51:08.972134","level":"info","event":"Сохранение 20 страниц","logger":"pipeline_tools.db"}
{"timestamp":"2025-09-13T09:51:08.974245Z","level":"info","event":"RESULT COLUMNS: []","chan":"stdout","logger":"task"}
{"timestamp":"2025-09-13T09:51:08.974479","level":"warning","event":"/home/airflow/.local/lib/python3.12/site-packages/pipeline_tools/db.py:97: UserWarning: Статья \"Высоко сижу, далеко гляжу, всё вижу! Новые подходы к детекции объектов с помощью радиосигналов\" уже есть в базе данных\n  warnings.warn(\n","logger":"py.warnings"}
{"timestamp":"2025-09-13T09:51:08.976374Z","level":"info","event":"RESULT COLUMNS: []","chan":"stdout","logger":"task"}
{"timestamp":"2025-09-13T09:51:08.976366","level":"warning","event":"/home/airflow/.local/lib/python3.12/site-packages/pipeline_tools/db.py:97: UserWarning: Статья \"Рубиновая скрижаль\" уже есть в базе данных\n  warnings.warn(\n","logger":"py.warnings"}
{"timestamp":"2025-09-13T09:51:08.977886Z","level":"info","event":"RESULT COLUMNS: []","chan":"stdout","logger":"task"}
{"timestamp":"2025-09-13T09:51:08.977880","level":"warning","event":"/home/airflow/.local/lib/python3.12/site-packages/pipeline_tools/db.py:97: UserWarning: Статья \"Ещё один AI инструмент для Unity: «распаковка» Code Maestro\" уже есть в базе данных\n  warnings.warn(\n","logger":"py.warnings"}
{"timestamp":"2025-09-13T09:51:08.979755Z","level":"info","event":"RESULT COLUMNS: []","chan":"stdout","logger":"task"}
{"timestamp":"2025-09-13T09:51:08.979755","level":"warning","event":"/home/airflow/.local/lib/python3.12/site-packages/pipeline_tools/db.py:97: UserWarning: Статья \"Миф о быстром и медленном пути выполнения программы\" уже есть в базе данных\n  warnings.warn(\n","logger":"py.warnings"}
{"timestamp":"2025-09-13T09:51:08.981049Z","level":"info","event":"RESULT COLUMNS: []","chan":"stdout","logger":"task"}
{"timestamp":"2025-09-13T09:51:08.981049","level":"warning","event":"/home/airflow/.local/lib/python3.12/site-packages/pipeline_tools/db.py:97: UserWarning: Статья \"От мини-ЭВМ и перфокарт к IDE и фреймворкам. Как поменялось программирование за 50 лет — взгляд изнутри\" уже есть в базе данных\n  warnings.warn(\n","logger":"py.warnings"}
{"timestamp":"2025-09-13T09:51:08.982387Z","level":"info","event":"RESULT COLUMNS: []","chan":"stdout","logger":"task"}
{"timestamp":"2025-09-13T09:51:08.982391","level":"warning","event":"/home/airflow/.local/lib/python3.12/site-packages/pipeline_tools/db.py:97: UserWarning: Статья \"Подставляем TOTP в Chrome c помощью Yubikey\" уже есть в базе данных\n  warnings.warn(\n","logger":"py.warnings"}
{"timestamp":"2025-09-13T09:51:08.983791Z","level":"info","event":"RESULT COLUMNS: []","chan":"stdout","logger":"task"}
{"timestamp":"2025-09-13T09:51:08.983785","level":"warning","event":"/home/airflow/.local/lib/python3.12/site-packages/pipeline_tools/db.py:97: UserWarning: Статья \"Ученые показали путь к управлению сверхпроводимостью\" уже есть в базе данных\n  warnings.warn(\n","logger":"py.warnings"}
{"timestamp":"2025-09-13T09:51:08.985778Z","level":"info","event":"RESULT COLUMNS: []","chan":"stdout","logger":"task"}
{"timestamp":"2025-09-13T09:51:08.985681","level":"warning","event":"/home/airflow/.local/lib/python3.12/site-packages/pipeline_tools/db.py:97: UserWarning: Статья \"Проектирование REST API: проблемы, решения, практические рекомендации\" уже есть в базе данных\n  warnings.warn(\n","logger":"py.warnings"}
{"timestamp":"2025-09-13T09:51:08.987534Z","level":"info","event":"RESULT COLUMNS: []","chan":"stdout","logger":"task"}
{"timestamp":"2025-09-13T09:51:08.987551","level":"warning","event":"/home/airflow/.local/lib/python3.12/site-packages/pipeline_tools/db.py:97: UserWarning: Статья \"Российские ученые нашли новый метод поиска нефти и газа\" уже есть в базе данных\n  warnings.warn(\n","logger":"py.warnings"}
{"timestamp":"2025-09-13T09:51:08.989134Z","level":"info","event":"RESULT COLUMNS: []","chan":"stdout","logger":"task"}
{"timestamp":"2025-09-13T09:51:08.989085","level":"warning","event":"/home/airflow/.local/lib/python3.12/site-packages/pipeline_tools/db.py:97: UserWarning: Статья \"Наше расследование: ищем отечественные микросхемы в «отечественных» счетчиках электроэнергии. Часть 8\" уже есть в базе данных\n  warnings.warn(\n","logger":"py.warnings"}
{"timestamp":"2025-09-13T09:51:08.996089","level":"info","event":"Сохранение 20 страниц","logger":"pipeline_tools.db"}
{"timestamp":"2025-09-13T09:51:08.999123Z","level":"info","event":"RESULT COLUMNS: []","chan":"stdout","logger":"task"}
{"timestamp":"2025-09-13T09:51:08.999077","level":"warning","event":"/home/airflow/.local/lib/python3.12/site-packages/pipeline_tools/db.py:97: UserWarning: Статья \"С помощью ИИ этот парень запустил конкурента Google прямо у себя в кладовке\" уже есть в базе данных\n  warnings.warn(\n","logger":"py.warnings"}
{"timestamp":"2025-09-13T09:51:09.001317Z","level":"info","event":"RESULT COLUMNS: []","chan":"stdout","logger":"task"}
{"timestamp":"2025-09-13T09:51:09.001302","level":"warning","event":"/home/airflow/.local/lib/python3.12/site-packages/pipeline_tools/db.py:97: UserWarning: Статья \"Рынок цифровых AI-Компаньонов: эволюция, метрики и инсайты\" уже есть в базе данных\n  warnings.warn(\n","logger":"py.warnings"}
{"timestamp":"2025-09-13T09:51:09.003505Z","level":"info","event":"RESULT COLUMNS: []","chan":"stdout","logger":"task"}
{"timestamp":"2025-09-13T09:51:09.003594","level":"warning","event":"/home/airflow/.local/lib/python3.12/site-packages/pipeline_tools/db.py:97: UserWarning: Статья \"За кулисами Bun Install\" уже есть в базе данных\n  warnings.warn(\n","logger":"py.warnings"}
{"timestamp":"2025-09-13T09:51:09.005843Z","level":"info","event":"RESULT COLUMNS: []","chan":"stdout","logger":"task"}
{"timestamp":"2025-09-13T09:51:09.005842","level":"warning","event":"/home/airflow/.local/lib/python3.12/site-packages/pipeline_tools/db.py:97: UserWarning: Статья \"Чтение на выходные: «Стратегия процветания» Рона Аднера\" уже есть в базе данных\n  warnings.warn(\n","logger":"py.warnings"}
{"timestamp":"2025-09-13T09:51:09.007703Z","level":"info","event":"RESULT COLUMNS: []","chan":"stdout","logger":"task"}
{"timestamp":"2025-09-13T09:51:09.007709","level":"warning","event":"/home/airflow/.local/lib/python3.12/site-packages/pipeline_tools/db.py:97: UserWarning: Статья \"Nextjs SSR vs SSG. Приготовить заранее или испечь по заказу? Гайд по рендерингу для пиццерий и разработчиков \" уже есть в базе данных\n  warnings.warn(\n","logger":"py.warnings"}
{"timestamp":"2025-09-13T09:51:09.009689Z","level":"info","event":"RESULT COLUMNS: []","chan":"stdout","logger":"task"}
{"timestamp":"2025-09-13T09:51:09.009708","level":"warning","event":"/home/airflow/.local/lib/python3.12/site-packages/pipeline_tools/db.py:97: UserWarning: Статья \"Дивергенция как мера специфичности аудитории вашей пилотной механики\" уже есть в базе данных\n  warnings.warn(\n","logger":"py.warnings"}
{"timestamp":"2025-09-13T09:51:09.011572","level":"warning","event":"/home/airflow/.local/lib/python3.12/site-packages/pipeline_tools/db.py:97: UserWarning: Статья \"Swift на Android: создаём библиотеку\" уже есть в базе данных\n  warnings.warn(\n","logger":"py.warnings"}
{"timestamp":"2025-09-13T09:51:09.011923Z","level":"info","event":"RESULT COLUMNS: []","chan":"stdout","logger":"task"}
{"timestamp":"2025-09-13T09:51:09.013710Z","level":"info","event":"RESULT COLUMNS: []","chan":"stdout","logger":"task"}
{"timestamp":"2025-09-13T09:51:09.013703","level":"warning","event":"/home/airflow/.local/lib/python3.12/site-packages/pipeline_tools/db.py:97: UserWarning: Статья \"Как высчитать дно Биткоина. Разбираем индикатор Hash Ribbons: Математика и код\" уже есть в базе данных\n  warnings.warn(\n","logger":"py.warnings"}
{"timestamp":"2025-09-13T09:51:09.015653Z","level":"info","event":"RESULT COLUMNS: []","chan":"stdout","logger":"task"}
{"timestamp":"2025-09-13T09:51:09.015660","level":"warning","event":"/home/airflow/.local/lib/python3.12/site-packages/pipeline_tools/db.py:97: UserWarning: Статья \"ТОП-10 канбан-досок для управления задачами в 2025 году\" уже есть в базе данных\n  warnings.warn(\n","logger":"py.warnings"}
{"timestamp":"2025-09-13T09:51:09.017507Z","level":"info","event":"RESULT COLUMNS: []","chan":"stdout","logger":"task"}
{"timestamp":"2025-09-13T09:51:09.017507","level":"warning","event":"/home/airflow/.local/lib/python3.12/site-packages/pipeline_tools/db.py:97: UserWarning: Статья \"3 книги для развития аналитического мышления и вдохновения\" уже есть в базе данных\n  warnings.warn(\n","logger":"py.warnings"}
{"timestamp":"2025-09-13T09:51:09.023407","level":"info","event":"Сохранение 20 страниц","logger":"pipeline_tools.db"}
{"timestamp":"2025-09-13T09:51:09.025130Z","level":"info","event":"RESULT COLUMNS: []","chan":"stdout","logger":"task"}
{"timestamp":"2025-09-13T09:51:09.025119","level":"warning","event":"/home/airflow/.local/lib/python3.12/site-packages/pipeline_tools/db.py:97: UserWarning: Статья \"Самодельные светильники из цветного стекла. Часть 1. Светильник-ящик\" уже есть в базе данных\n  warnings.warn(\n","logger":"py.warnings"}
{"timestamp":"2025-09-13T09:51:09.027107Z","level":"info","event":"RESULT COLUMNS: []","chan":"stdout","logger":"task"}
{"timestamp":"2025-09-13T09:51:09.027080","level":"warning","event":"/home/airflow/.local/lib/python3.12/site-packages/pipeline_tools/db.py:97: UserWarning: Статья \"Проекты по созданию сайтов в 10-м классе: какие навыки получает школьник и когда они необходимы\" уже есть в базе данных\n  warnings.warn(\n","logger":"py.warnings"}
{"timestamp":"2025-09-13T09:51:09.028846Z","level":"info","event":"RESULT COLUMNS: []","chan":"stdout","logger":"task"}
{"timestamp":"2025-09-13T09:51:09.028847","level":"warning","event":"/home/airflow/.local/lib/python3.12/site-packages/pipeline_tools/db.py:97: UserWarning: Статья \"Кейс: как nanoCAD BIM ОПС помогает автоматизировать пожарную безопасность и противодымную защиту\" уже есть в базе данных\n  warnings.warn(\n","logger":"py.warnings"}
{"timestamp":"2025-09-13T09:51:09.030515Z","level":"info","event":"RESULT COLUMNS: []","chan":"stdout","logger":"task"}
{"timestamp":"2025-09-13T09:51:09.030483","level":"warning","event":"/home/airflow/.local/lib/python3.12/site-packages/pipeline_tools/db.py:97: UserWarning: Статья \"Пневмопочта: как в XIX веке придумали отправлять сообщения в капсулах и создали прототип IT-инфраструктуры\" уже есть в базе данных\n  warnings.warn(\n","logger":"py.warnings"}
{"timestamp":"2025-09-13T09:51:09.032856Z","level":"info","event":"RESULT COLUMNS: []","chan":"stdout","logger":"task"}
{"timestamp":"2025-09-13T09:51:09.032846","level":"warning","event":"/home/airflow/.local/lib/python3.12/site-packages/pipeline_tools/db.py:97: UserWarning: Статья \"Как мы проектируем личный кабинет ресторана: процессы, решения и ошибки\" уже есть в базе данных\n  warnings.warn(\n","logger":"py.warnings"}
{"timestamp":"2025-09-13T09:51:09.034643Z","level":"info","event":"RESULT COLUMNS: []","chan":"stdout","logger":"task"}
{"timestamp":"2025-09-13T09:51:09.034666","level":"warning","event":"/home/airflow/.local/lib/python3.12/site-packages/pipeline_tools/db.py:97: UserWarning: Статья \"Умный аналитик для ритейла: ИИ на службе бизнеса\" уже есть в базе данных\n  warnings.warn(\n","logger":"py.warnings"}
{"timestamp":"2025-09-13T09:51:09.036985Z","level":"info","event":"RESULT COLUMNS: []","chan":"stdout","logger":"task"}
{"timestamp":"2025-09-13T09:51:09.036981","level":"warning","event":"/home/airflow/.local/lib/python3.12/site-packages/pipeline_tools/db.py:97: UserWarning: Статья \"Open Source и ЖКХ\" уже есть в базе данных\n  warnings.warn(\n","logger":"py.warnings"}
{"timestamp":"2025-09-13T09:51:09.039034Z","level":"info","event":"RESULT COLUMNS: []","chan":"stdout","logger":"task"}
{"timestamp":"2025-09-13T09:51:09.039037","level":"warning","event":"/home/airflow/.local/lib/python3.12/site-packages/pipeline_tools/db.py:97: UserWarning: Статья \"Как мы вшили нагрузочное тестирование в CI/CD, чтобы не хоронить фичи в проде глубокой ночью\" уже есть в базе данных\n  warnings.warn(\n","logger":"py.warnings"}
{"timestamp":"2025-09-13T09:51:09.041411Z","level":"info","event":"RESULT COLUMNS: []","chan":"stdout","logger":"task"}
{"timestamp":"2025-09-13T09:51:09.041409","level":"warning","event":"/home/airflow/.local/lib/python3.12/site-packages/pipeline_tools/db.py:97: UserWarning: Статья \"Swift Concurrency и CoreBluetooth: как построить современный BLE-сервис\" уже есть в базе данных\n  warnings.warn(\n","logger":"py.warnings"}
{"timestamp":"2025-09-13T09:51:09.043405Z","level":"info","event":"RESULT COLUMNS: []","chan":"stdout","logger":"task"}
{"timestamp":"2025-09-13T09:51:09.043409","level":"warning","event":"/home/airflow/.local/lib/python3.12/site-packages/pipeline_tools/db.py:97: UserWarning: Статья \"PO, PM, PjM: кто такие и при чём тут мыло, ракеты и застройщики\" уже есть в базе данных\n  warnings.warn(\n","logger":"py.warnings"}
{"timestamp":"2025-09-13T09:51:09.048890","level":"info","event":"Сохранение 20 страниц","logger":"pipeline_tools.db"}
{"timestamp":"2025-09-13T09:51:09.051047Z","level":"info","event":"RESULT COLUMNS: []","chan":"stdout","logger":"task"}
{"timestamp":"2025-09-13T09:51:09.051024","level":"warning","event":"/home/airflow/.local/lib/python3.12/site-packages/pipeline_tools/db.py:97: UserWarning: Статья \"Если бы Маск молчал, умерла бы Tesla?\" уже есть в базе данных\n  warnings.warn(\n","logger":"py.warnings"}
{"timestamp":"2025-09-13T09:51:09.052869Z","level":"info","event":"RESULT COLUMNS: []","chan":"stdout","logger":"task"}
{"timestamp":"2025-09-13T09:51:09.052870","level":"warning","event":"/home/airflow/.local/lib/python3.12/site-packages/pipeline_tools/db.py:97: UserWarning: Статья \"Репозитории на автопилоте: как ИИ сам поднимает окружение и запускает код\" уже есть в базе данных\n  warnings.warn(\n","logger":"py.warnings"}
{"timestamp":"2025-09-13T09:51:09.055099Z","level":"info","event":"RESULT COLUMNS: []","chan":"stdout","logger":"task"}
{"timestamp":"2025-09-13T09:51:09.055074","level":"warning","event":"/home/airflow/.local/lib/python3.12/site-packages/pipeline_tools/db.py:97: UserWarning: Статья \"Как найти работу начинающему разработчику в 2025?\" уже есть в базе данных\n  warnings.warn(\n","logger":"py.warnings"}
{"timestamp":"2025-09-13T09:51:09.057026Z","level":"info","event":"RESULT COLUMNS: []","chan":"stdout","logger":"task"}
{"timestamp":"2025-09-13T09:51:09.057032","level":"warning","event":"/home/airflow/.local/lib/python3.12/site-packages/pipeline_tools/db.py:97: UserWarning: Статья \"Города будущего: мечты, которые уже становятся реальностью\" уже есть в базе данных\n  warnings.warn(\n","logger":"py.warnings"}
{"timestamp":"2025-09-13T09:51:09.058879Z","level":"info","event":"RESULT COLUMNS: []","chan":"stdout","logger":"task"}
{"timestamp":"2025-09-13T09:51:09.058881","level":"warning","event":"/home/airflow/.local/lib/python3.12/site-packages/pipeline_tools/db.py:97: UserWarning: Статья \"Ещё одно тестирование Angie, HAProxy, Envoy, Caddy и Traefik от Devhands\" уже есть в базе данных\n  warnings.warn(\n","logger":"py.warnings"}
{"timestamp":"2025-09-13T09:51:09.061048Z","level":"info","event":"RESULT COLUMNS: []","chan":"stdout","logger":"task"}
{"timestamp":"2025-09-13T09:51:09.061081","level":"warning","event":"/home/airflow/.local/lib/python3.12/site-packages/pipeline_tools/db.py:97: UserWarning: Статья \"Первые 10 B2B-клиентов за 60 дней. Полный гайд для стартапа (Часть 3)\" уже есть в базе данных\n  warnings.warn(\n","logger":"py.warnings"}
{"timestamp":"2025-09-13T09:51:09.063391Z","level":"info","event":"RESULT COLUMNS: []","chan":"stdout","logger":"task"}
{"timestamp":"2025-09-13T09:51:09.063384","level":"warning","event":"/home/airflow/.local/lib/python3.12/site-packages/pipeline_tools/db.py:97: UserWarning: Статья \"Нет бредовой работе: как настроить импорт данных в service desk\" уже есть в базе данных\n  warnings.warn(\n","logger":"py.warnings"}
{"timestamp":"2025-09-13T09:51:09.065190Z","level":"info","event":"RESULT COLUMNS: []","chan":"stdout","logger":"task"}
{"timestamp":"2025-09-13T09:51:09.065201","level":"warning","event":"/home/airflow/.local/lib/python3.12/site-packages/pipeline_tools/db.py:97: UserWarning: Статья \"«Сезам». Оживляем домофон на одного абонента\" уже есть в базе данных\n  warnings.warn(\n","logger":"py.warnings"}
{"timestamp":"2025-09-13T09:51:09.067387Z","level":"info","event":"RESULT COLUMNS: []","chan":"stdout","logger":"task"}
{"timestamp":"2025-09-13T09:51:09.067376","level":"warning","event":"/home/airflow/.local/lib/python3.12/site-packages/pipeline_tools/db.py:97: UserWarning: Статья \"NASA заявило, что марсоход в прошлом году обнаружил «потенциальные признаки жизни» на Марсе\" уже есть в базе данных\n  warnings.warn(\n","logger":"py.warnings"}
{"timestamp":"2025-09-13T09:51:09.069408Z","level":"info","event":"RESULT COLUMNS: []","chan":"stdout","logger":"task"}
{"timestamp":"2025-09-13T09:51:09.069438","level":"warning","event":"/home/airflow/.local/lib/python3.12/site-packages/pipeline_tools/db.py:97: UserWarning: Статья \"Кастомные флейворы, интеграция с сервисом логов в DBaaS и другие апдейты августа в продуктах Selectel\" уже есть в базе данных\n  warnings.warn(\n","logger":"py.warnings"}
{"timestamp":"2025-09-13T09:51:09.074287","level":"info","event":"Done. Returned value was: None","logger":"airflow.task.operators.airflow.providers.standard.operators.python.PythonOperator"}
