{"timestamp":"2025-09-13T08:21:34.392053","level":"info","event":"DAG bundles loaded: dags-folder","logger":"airflow.dag_processing.bundles.manager.DagBundlesManager"}
{"timestamp":"2025-09-13T08:21:34.392371","level":"info","event":"Filling up the DagBag from /opt/airflow/dags/parse_habr_dag.py","logger":"airflow.models.dagbag.DagBag"}
{"timestamp":"2025-09-13T08:21:34.992552","level":"info","event":"Сохранение 20 страниц","logger":"pipeline_tools.db"}
{"timestamp":"2025-09-13T08:21:34.995651","level":"warning","event":"/home/airflow/.local/lib/python3.12/site-packages/pipeline_tools/db.py:96: UserWarning: Статья \"Миф о быстром и медленном пути выполнения программы\" уже есть в базе данных\n  warnings.warn(\n","logger":"py.warnings"}
{"timestamp":"2025-09-13T08:21:34.997234","level":"warning","event":"/home/airflow/.local/lib/python3.12/site-packages/pipeline_tools/db.py:96: UserWarning: Статья \"От мини-ЭВМ и перфокарт к IDE и фреймворкам. Как поменялось программирование за 50 лет — взгляд изнутри\" уже есть в базе данных\n  warnings.warn(\n","logger":"py.warnings"}
{"timestamp":"2025-09-13T08:21:34.998494","level":"warning","event":"/home/airflow/.local/lib/python3.12/site-packages/pipeline_tools/db.py:96: UserWarning: Статья \"Подставляем TOTP в Chrome c помощью Yubikey\" уже есть в базе данных\n  warnings.warn(\n","logger":"py.warnings"}
{"timestamp":"2025-09-13T08:21:34.999843","level":"warning","event":"/home/airflow/.local/lib/python3.12/site-packages/pipeline_tools/db.py:96: UserWarning: Статья \"Ученые показали путь к управлению сверхпроводимостью\" уже есть в базе данных\n  warnings.warn(\n","logger":"py.warnings"}
{"timestamp":"2025-09-13T08:21:35.001365","level":"warning","event":"/home/airflow/.local/lib/python3.12/site-packages/pipeline_tools/db.py:96: UserWarning: Статья \"Проектирование REST API: проблемы, решения, практические рекомендации\" уже есть в базе данных\n  warnings.warn(\n","logger":"py.warnings"}
{"timestamp":"2025-09-13T08:21:35.002996","level":"warning","event":"/home/airflow/.local/lib/python3.12/site-packages/pipeline_tools/db.py:96: UserWarning: Статья \"Российские ученые нашли новый метод поиска нефти и газа\" уже есть в базе данных\n  warnings.warn(\n","logger":"py.warnings"}
{"timestamp":"2025-09-13T08:21:35.004455","level":"warning","event":"/home/airflow/.local/lib/python3.12/site-packages/pipeline_tools/db.py:96: UserWarning: Статья \"Наше расследование: ищем отечественные микросхемы в «отечественных» счетчиках электроэнергии. Часть 8\" уже есть в базе данных\n  warnings.warn(\n","logger":"py.warnings"}
{"timestamp":"2025-09-13T08:21:35.005786","level":"warning","event":"/home/airflow/.local/lib/python3.12/site-packages/pipeline_tools/db.py:96: UserWarning: Статья \"С помощью ИИ этот парень запустил конкурента Google прямо у себя в кладовке\" уже есть в базе данных\n  warnings.warn(\n","logger":"py.warnings"}
{"timestamp":"2025-09-13T08:21:35.007239","level":"warning","event":"/home/airflow/.local/lib/python3.12/site-packages/pipeline_tools/db.py:96: UserWarning: Статья \"Рынок цифровых AI-Компаньонов: эволюция, метрики и инсайты\" уже есть в базе данных\n  warnings.warn(\n","logger":"py.warnings"}
{"timestamp":"2025-09-13T08:21:35.008651","level":"warning","event":"/home/airflow/.local/lib/python3.12/site-packages/pipeline_tools/db.py:96: UserWarning: Статья \"За кулисами Bun Install\" уже есть в базе данных\n  warnings.warn(\n","logger":"py.warnings"}
{"timestamp":"2025-09-13T08:21:35.015834","level":"info","event":"Сохранение 20 страниц","logger":"pipeline_tools.db"}
{"timestamp":"2025-09-13T08:21:35.018490","level":"warning","event":"/home/airflow/.local/lib/python3.12/site-packages/pipeline_tools/db.py:96: UserWarning: Статья \"Чтение на выходные: «Стратегия процветания» Рона Аднера\" уже есть в базе данных\n  warnings.warn(\n","logger":"py.warnings"}
{"timestamp":"2025-09-13T08:21:35.020232","level":"warning","event":"/home/airflow/.local/lib/python3.12/site-packages/pipeline_tools/db.py:96: UserWarning: Статья \"Nextjs SSR vs SSG. Приготовить заранее или испечь по заказу? Гайд по рендерингу для пиццерий и разработчиков \" уже есть в базе данных\n  warnings.warn(\n","logger":"py.warnings"}
{"timestamp":"2025-09-13T08:21:35.021982","level":"warning","event":"/home/airflow/.local/lib/python3.12/site-packages/pipeline_tools/db.py:96: UserWarning: Статья \"Дивергенция как мера специфичности аудитории вашей пилотной механики\" уже есть в базе данных\n  warnings.warn(\n","logger":"py.warnings"}
{"timestamp":"2025-09-13T08:21:35.023761","level":"warning","event":"/home/airflow/.local/lib/python3.12/site-packages/pipeline_tools/db.py:96: UserWarning: Статья \"Swift на Android: создаём библиотеку\" уже есть в базе данных\n  warnings.warn(\n","logger":"py.warnings"}
{"timestamp":"2025-09-13T08:21:35.025343","level":"warning","event":"/home/airflow/.local/lib/python3.12/site-packages/pipeline_tools/db.py:96: UserWarning: Статья \"Как высчитать дно Биткоина. Разбираем индикатор Hash Ribbons: Математика и код\" уже есть в базе данных\n  warnings.warn(\n","logger":"py.warnings"}
{"timestamp":"2025-09-13T08:21:35.026820","level":"warning","event":"/home/airflow/.local/lib/python3.12/site-packages/pipeline_tools/db.py:96: UserWarning: Статья \"ТОП-10 канбан-досок для управления задачами в 2025 году\" уже есть в базе данных\n  warnings.warn(\n","logger":"py.warnings"}
{"timestamp":"2025-09-13T08:21:35.028495","level":"warning","event":"/home/airflow/.local/lib/python3.12/site-packages/pipeline_tools/db.py:96: UserWarning: Статья \"3 книги для развития аналитического мышления и вдохновения\" уже есть в базе данных\n  warnings.warn(\n","logger":"py.warnings"}
{"timestamp":"2025-09-13T08:21:35.029917","level":"warning","event":"/home/airflow/.local/lib/python3.12/site-packages/pipeline_tools/db.py:96: UserWarning: Статья \"Самодельные светильники из цветного стекла. Часть 1. Светильник-ящик\" уже есть в базе данных\n  warnings.warn(\n","logger":"py.warnings"}
{"timestamp":"2025-09-13T08:21:35.031412","level":"warning","event":"/home/airflow/.local/lib/python3.12/site-packages/pipeline_tools/db.py:96: UserWarning: Статья \"Проекты по созданию сайтов в 10-м классе: какие навыки получает школьник и когда они необходимы\" уже есть в базе данных\n  warnings.warn(\n","logger":"py.warnings"}
{"timestamp":"2025-09-13T08:21:35.032926","level":"warning","event":"/home/airflow/.local/lib/python3.12/site-packages/pipeline_tools/db.py:96: UserWarning: Статья \"Кейс: как nanoCAD BIM ОПС помогает автоматизировать пожарную безопасность и противодымную защиту\" уже есть в базе данных\n  warnings.warn(\n","logger":"py.warnings"}
{"timestamp":"2025-09-13T08:21:35.037883","level":"info","event":"Сохранение 20 страниц","logger":"pipeline_tools.db"}
{"timestamp":"2025-09-13T08:21:35.039821","level":"warning","event":"/home/airflow/.local/lib/python3.12/site-packages/pipeline_tools/db.py:96: UserWarning: Статья \"Пневмопочта: как в XIX веке придумали отправлять сообщения в капсулах и создали прототип IT-инфраструктуры\" уже есть в базе данных\n  warnings.warn(\n","logger":"py.warnings"}
{"timestamp":"2025-09-13T08:21:35.041459","level":"warning","event":"/home/airflow/.local/lib/python3.12/site-packages/pipeline_tools/db.py:96: UserWarning: Статья \"Как мы проектируем личный кабинет ресторана: процессы, решения и ошибки\" уже есть в базе данных\n  warnings.warn(\n","logger":"py.warnings"}
{"timestamp":"2025-09-13T08:21:35.043335","level":"warning","event":"/home/airflow/.local/lib/python3.12/site-packages/pipeline_tools/db.py:96: UserWarning: Статья \"Умный аналитик для ритейла: ИИ на службе бизнеса\" уже есть в базе данных\n  warnings.warn(\n","logger":"py.warnings"}
{"timestamp":"2025-09-13T08:21:35.044915","level":"warning","event":"/home/airflow/.local/lib/python3.12/site-packages/pipeline_tools/db.py:96: UserWarning: Статья \"Open Source и ЖКХ\" уже есть в базе данных\n  warnings.warn(\n","logger":"py.warnings"}
{"timestamp":"2025-09-13T08:21:35.046573","level":"warning","event":"/home/airflow/.local/lib/python3.12/site-packages/pipeline_tools/db.py:96: UserWarning: Статья \"Как мы вшили нагрузочное тестирование в CI/CD, чтобы не хоронить фичи в проде глубокой ночью\" уже есть в базе данных\n  warnings.warn(\n","logger":"py.warnings"}
{"timestamp":"2025-09-13T08:21:35.047906","level":"warning","event":"/home/airflow/.local/lib/python3.12/site-packages/pipeline_tools/db.py:96: UserWarning: Статья \"Swift Concurrency и CoreBluetooth: как построить современный BLE-сервис\" уже есть в базе данных\n  warnings.warn(\n","logger":"py.warnings"}
{"timestamp":"2025-09-13T08:21:35.049732","level":"warning","event":"/home/airflow/.local/lib/python3.12/site-packages/pipeline_tools/db.py:96: UserWarning: Статья \"PO, PM, PjM: кто такие и при чём тут мыло, ракеты и застройщики\" уже есть в базе данных\n  warnings.warn(\n","logger":"py.warnings"}
{"timestamp":"2025-09-13T08:21:35.051114","level":"warning","event":"/home/airflow/.local/lib/python3.12/site-packages/pipeline_tools/db.py:96: UserWarning: Статья \"Топ-5 видеокарт по соотношению цена-качество, которые можно купить в 2025 году\" уже есть в базе данных\n  warnings.warn(\n","logger":"py.warnings"}
{"timestamp":"2025-09-13T08:21:35.052740","level":"warning","event":"/home/airflow/.local/lib/python3.12/site-packages/pipeline_tools/db.py:96: UserWarning: Статья \"Первые Rust-библиотеки для работы с Yandex GPT и Yandex ART\" уже есть в базе данных\n  warnings.warn(\n","logger":"py.warnings"}
{"timestamp":"2025-09-13T08:21:35.054362","level":"warning","event":"/home/airflow/.local/lib/python3.12/site-packages/pipeline_tools/db.py:96: UserWarning: Статья \"Я — идеальный программист\" уже есть в базе данных\n  warnings.warn(\n","logger":"py.warnings"}
{"timestamp":"2025-09-13T08:21:35.059197","level":"info","event":"Сохранение 20 страниц","logger":"pipeline_tools.db"}
{"timestamp":"2025-09-13T08:21:35.061330","level":"warning","event":"/home/airflow/.local/lib/python3.12/site-packages/pipeline_tools/db.py:96: UserWarning: Статья \"Лучшее время для соло предпринимательства: Введение\" уже есть в базе данных\n  warnings.warn(\n","logger":"py.warnings"}
{"timestamp":"2025-09-13T08:21:35.063350","level":"warning","event":"/home/airflow/.local/lib/python3.12/site-packages/pipeline_tools/db.py:96: UserWarning: Статья \"Конструктор лендингов: как мы научились делать сайты без разработчиков\" уже есть в базе данных\n  warnings.warn(\n","logger":"py.warnings"}
{"timestamp":"2025-09-13T08:21:35.065004","level":"warning","event":"/home/airflow/.local/lib/python3.12/site-packages/pipeline_tools/db.py:96: UserWarning: Статья \"Мы хотели дропнуть проект, а сделали 6к вишей по $0,95\" уже есть в базе данных\n  warnings.warn(\n","logger":"py.warnings"}
{"timestamp":"2025-09-13T08:21:35.066775","level":"warning","event":"/home/airflow/.local/lib/python3.12/site-packages/pipeline_tools/db.py:96: UserWarning: Статья \"Установка отечественного детектора заряженных частиц на масс-спектрометр Sciex 5800 TOF/TOF\" уже есть в базе данных\n  warnings.warn(\n","logger":"py.warnings"}
{"timestamp":"2025-09-13T08:21:35.068445","level":"warning","event":"/home/airflow/.local/lib/python3.12/site-packages/pipeline_tools/db.py:96: UserWarning: Статья \"Как прийти к мультиязычной дизайн-системе и выучить арабский\" уже есть в базе данных\n  warnings.warn(\n","logger":"py.warnings"}
{"timestamp":"2025-09-13T08:21:35.070285","level":"warning","event":"/home/airflow/.local/lib/python3.12/site-packages/pipeline_tools/db.py:96: UserWarning: Статья \"Можно ли бизнесу вести каналы, общаться с клиентами и делать чат-ботов в Telegram? Разобрались вместе с юристами\" уже есть в базе данных\n  warnings.warn(\n","logger":"py.warnings"}
{"timestamp":"2025-09-13T08:21:35.071964","level":"warning","event":"/home/airflow/.local/lib/python3.12/site-packages/pipeline_tools/db.py:96: UserWarning: Статья \"Внутрикорпоративное расследование инцидентов безопасности: долой рутину, да здравствует автоматизация\" уже есть в базе данных\n  warnings.warn(\n","logger":"py.warnings"}
{"timestamp":"2025-09-13T08:21:35.073725","level":"warning","event":"/home/airflow/.local/lib/python3.12/site-packages/pipeline_tools/db.py:96: UserWarning: Статья \"Регулярные выражения в PostgreSQL\" уже есть в базе данных\n  warnings.warn(\n","logger":"py.warnings"}
{"timestamp":"2025-09-13T08:21:35.075064","level":"warning","event":"/home/airflow/.local/lib/python3.12/site-packages/pipeline_tools/db.py:96: UserWarning: Статья \"Какой Python-фреймворк выбрать: Django, Flask или FastAPI?\" уже есть в базе данных\n  warnings.warn(\n","logger":"py.warnings"}
{"timestamp":"2025-09-13T08:21:35.076387","level":"warning","event":"/home/airflow/.local/lib/python3.12/site-packages/pipeline_tools/db.py:96: UserWarning: Статья \"Забавные названия математических теорем\" уже есть в базе данных\n  warnings.warn(\n","logger":"py.warnings"}
{"timestamp":"2025-09-13T08:21:35.081465","level":"info","event":"Done. Returned value was: None","logger":"airflow.task.operators.airflow.providers.standard.operators.python.PythonOperator"}
