{"timestamp":"2025-08-31T19:02:31.026989","level":"info","event":"DAG bundles loaded: dags-folder","logger":"airflow.dag_processing.bundles.manager.DagBundlesManager"}
{"timestamp":"2025-08-31T19:02:31.027521","level":"info","event":"Filling up the DagBag from /opt/airflow/dags/parse_habr_dag.py","logger":"airflow.models.dagbag.DagBag"}
{"timestamp":"2025-08-31T19:02:32.574025","level":"info","event":"Сохранение 20 страниц","logger":"pipeline_tools.db"}
{"timestamp":"2025-08-31T19:02:32.586267","level":"warning","event":"/home/airflow/.local/lib/python3.12/site-packages/pipeline_tools/db.py:74: UserWarning: Статья \"Диалог между поколениями ИТ-шников\" уже есть в базе данных\n  warnings.warn(\n","logger":"py.warnings"}
{"timestamp":"2025-08-31T19:02:32.591933","level":"warning","event":"/home/airflow/.local/lib/python3.12/site-packages/pipeline_tools/db.py:74: UserWarning: Статья \"Чистим строку от лишних/повторяющихся пробелов (и пробельных символов) в строковых значениях компактно. RegExp\" уже есть в базе данных\n  warnings.warn(\n","logger":"py.warnings"}
{"timestamp":"2025-08-31T19:02:32.598095","level":"warning","event":"/home/airflow/.local/lib/python3.12/site-packages/pipeline_tools/db.py:74: UserWarning: Статья \"CSMA на практике: как слой управления инфраструктурой и Identity Fabric связывают ИТ и ИБ в единую систему\" уже есть в базе данных\n  warnings.warn(\n","logger":"py.warnings"}
{"timestamp":"2025-08-31T19:02:32.604370","level":"warning","event":"/home/airflow/.local/lib/python3.12/site-packages/pipeline_tools/db.py:74: UserWarning: Статья \"Compose Multiplatform простое приложение c MVI\" уже есть в базе данных\n  warnings.warn(\n","logger":"py.warnings"}
{"timestamp":"2025-08-31T19:02:32.610100","level":"warning","event":"/home/airflow/.local/lib/python3.12/site-packages/pipeline_tools/db.py:74: UserWarning: Статья \"Открытая олимпиада МЭИ «Надежда энергетики». Конкурс «Хакатон ХИ-Квадрат» Как это было\" уже есть в базе данных\n  warnings.warn(\n","logger":"py.warnings"}
{"timestamp":"2025-08-31T19:02:32.616302","level":"warning","event":"/home/airflow/.local/lib/python3.12/site-packages/pipeline_tools/db.py:74: UserWarning: Статья \"Взламываем Код Реальности\" уже есть в базе данных\n  warnings.warn(\n","logger":"py.warnings"}
{"timestamp":"2025-08-31T19:02:32.621922","level":"warning","event":"/home/airflow/.local/lib/python3.12/site-packages/pipeline_tools/db.py:74: UserWarning: Статья \"Мобильная разработка за неделю #600 (25 — 31 августа)\" уже есть в базе данных\n  warnings.warn(\n","logger":"py.warnings"}
{"timestamp":"2025-08-31T19:02:32.627186","level":"warning","event":"/home/airflow/.local/lib/python3.12/site-packages/pipeline_tools/db.py:74: UserWarning: Статья \"Чем болен средний бизнес? Статья 4. Миллионы на ветер: как не купить IT-систему, которая вас разорит\" уже есть в базе данных\n  warnings.warn(\n","logger":"py.warnings"}
{"timestamp":"2025-08-31T19:02:32.632088","level":"warning","event":"/home/airflow/.local/lib/python3.12/site-packages/pipeline_tools/db.py:74: UserWarning: Статья \"Автоматизированная отладка Playwright-тестов с AI\" уже есть в базе данных\n  warnings.warn(\n","logger":"py.warnings"}
{"timestamp":"2025-08-31T19:02:32.635362","level":"warning","event":"/home/airflow/.local/lib/python3.12/site-packages/pipeline_tools/db.py:74: UserWarning: Статья \"Обратная совместимость в Java-мире\" уже есть в базе данных\n  warnings.warn(\n","logger":"py.warnings"}
{"timestamp":"2025-08-31T19:02:32.653212","level":"info","event":"Сохранение 20 страниц","logger":"pipeline_tools.db"}
{"timestamp":"2025-08-31T19:02:32.664182","level":"warning","event":"/home/airflow/.local/lib/python3.12/site-packages/pipeline_tools/db.py:74: UserWarning: Статья \"Google меняет правила игры: верификация разработчиков и ограничения APK в Android\" уже есть в базе данных\n  warnings.warn(\n","logger":"py.warnings"}
{"timestamp":"2025-08-31T19:02:32.668120","level":"warning","event":"/home/airflow/.local/lib/python3.12/site-packages/pipeline_tools/db.py:74: UserWarning: Статья \"Продолжение. Год спустя. «Конец августа 2024. YouTube после замедления, про Rutube, Дзен и VK видео»\" уже есть в базе данных\n  warnings.warn(\n","logger":"py.warnings"}
{"timestamp":"2025-08-31T19:02:32.671822","level":"warning","event":"/home/airflow/.local/lib/python3.12/site-packages/pipeline_tools/db.py:74: UserWarning: Статья \"Сентябрь 2025. Астрономический календарь\" уже есть в базе данных\n  warnings.warn(\n","logger":"py.warnings"}
{"timestamp":"2025-08-31T19:02:32.676067","level":"warning","event":"/home/airflow/.local/lib/python3.12/site-packages/pipeline_tools/db.py:74: UserWarning: Статья \"Память в Swift\" уже есть в базе данных\n  warnings.warn(\n","logger":"py.warnings"}
{"timestamp":"2025-08-31T19:02:32.682441","level":"warning","event":"/home/airflow/.local/lib/python3.12/site-packages/pipeline_tools/db.py:74: UserWarning: Статья \"Как я воскрешал аккумуляторы шуруповёрта\" уже есть в базе данных\n  warnings.warn(\n","logger":"py.warnings"}
{"timestamp":"2025-08-31T19:02:32.688434","level":"warning","event":"/home/airflow/.local/lib/python3.12/site-packages/pipeline_tools/db.py:74: UserWarning: Статья \"Новости кибербезопасности за неделю с 25 по 31 августа 2025\" уже есть в базе данных\n  warnings.warn(\n","logger":"py.warnings"}
{"timestamp":"2025-08-31T19:02:32.693020","level":"warning","event":"/home/airflow/.local/lib/python3.12/site-packages/pipeline_tools/db.py:74: UserWarning: Статья \"Как понять самое важное уравнение Вселенной\" уже есть в базе данных\n  warnings.warn(\n","logger":"py.warnings"}
{"timestamp":"2025-08-31T19:02:32.697869","level":"warning","event":"/home/airflow/.local/lib/python3.12/site-packages/pipeline_tools/db.py:74: UserWarning: Статья \"UltraRAM: память, которая меняет правила игры\" уже есть в базе данных\n  warnings.warn(\n","logger":"py.warnings"}
{"timestamp":"2025-08-31T19:02:32.702696","level":"warning","event":"/home/airflow/.local/lib/python3.12/site-packages/pipeline_tools/db.py:74: UserWarning: Статья \"Жизненный цикл ресторана и жизненный цикл платформы: почему цифровые монополии не разоряются, а просто становятся хуже\" уже есть в базе данных\n  warnings.warn(\n","logger":"py.warnings"}
{"timestamp":"2025-08-31T19:02:32.707221","level":"warning","event":"/home/airflow/.local/lib/python3.12/site-packages/pipeline_tools/db.py:74: UserWarning: Статья \"«Половина компаний закроется, вторую половину купят» — итоги импортозамещения в ИБ\" уже есть в базе данных\n  warnings.warn(\n","logger":"py.warnings"}
{"timestamp":"2025-08-31T19:02:32.719033","level":"info","event":"Сохранение 20 страниц","logger":"pipeline_tools.db"}
{"timestamp":"2025-08-31T19:02:32.725698","level":"warning","event":"/home/airflow/.local/lib/python3.12/site-packages/pipeline_tools/db.py:74: UserWarning: Статья \"Осознанный выбор паттернов типизации в TypeScript: Снижение техдолга для ускорения разработки\" уже есть в базе данных\n  warnings.warn(\n","logger":"py.warnings"}
{"timestamp":"2025-08-31T19:02:32.732427","level":"warning","event":"/home/airflow/.local/lib/python3.12/site-packages/pipeline_tools/db.py:74: UserWarning: Статья \"Общий алгоритм саморазвития системы\" уже есть в базе данных\n  warnings.warn(\n","logger":"py.warnings"}
{"timestamp":"2025-08-31T19:02:32.738610","level":"warning","event":"/home/airflow/.local/lib/python3.12/site-packages/pipeline_tools/db.py:74: UserWarning: Статья \"Цифровые призраки: Полное руководство по поиску скрытых данных и история создания нашего «детектора лжи»\" уже есть в базе данных\n  warnings.warn(\n","logger":"py.warnings"}
{"timestamp":"2025-08-31T19:02:32.744483","level":"warning","event":"/home/airflow/.local/lib/python3.12/site-packages/pipeline_tools/db.py:74: UserWarning: Статья \"Регистрация ИП в Грузии: полный гайд с учетом изменений в 2025 и 2026 годах\" уже есть в базе данных\n  warnings.warn(\n","logger":"py.warnings"}
{"timestamp":"2025-08-31T19:02:32.752995","level":"warning","event":"/home/airflow/.local/lib/python3.12/site-packages/pipeline_tools/db.py:74: UserWarning: Статья \"Является ли остаток сверхновой Кассиопея А ПэВатроном? Разгадка уже близка\" уже есть в базе данных\n  warnings.warn(\n","logger":"py.warnings"}
{"timestamp":"2025-08-31T19:02:32.759437","level":"warning","event":"/home/airflow/.local/lib/python3.12/site-packages/pipeline_tools/db.py:74: UserWarning: Статья \"Arch Linux на ZFS для людей: новый TUI-установщик archinstall_zfs\" уже есть в базе данных\n  warnings.warn(\n","logger":"py.warnings"}
{"timestamp":"2025-08-31T19:02:32.766393","level":"warning","event":"/home/airflow/.local/lib/python3.12/site-packages/pipeline_tools/db.py:74: UserWarning: Статья \"Вайб-кодинг: как использовать нейросети и не получать плохой код\" уже есть в базе данных\n  warnings.warn(\n","logger":"py.warnings"}
{"timestamp":"2025-08-31T19:02:32.773222","level":"warning","event":"/home/airflow/.local/lib/python3.12/site-packages/pipeline_tools/db.py:74: UserWarning: Статья \"Уровни изоляции транзакций для собеседования и работы\" уже есть в базе данных\n  warnings.warn(\n","logger":"py.warnings"}
{"timestamp":"2025-08-31T19:02:32.781190","level":"warning","event":"/home/airflow/.local/lib/python3.12/site-packages/pipeline_tools/db.py:74: UserWarning: Статья \"Техподдержка Avito. Или когда деньги важнее компетентного персонала\" уже есть в базе данных\n  warnings.warn(\n","logger":"py.warnings"}
{"timestamp":"2025-08-31T19:02:32.789283","level":"warning","event":"/home/airflow/.local/lib/python3.12/site-packages/pipeline_tools/db.py:74: UserWarning: Статья \"Как MWS Cloud Platform маскирует обыденность под инновации. Разбор нового «независимого» облака\" уже есть в базе данных\n  warnings.warn(\n","logger":"py.warnings"}
{"timestamp":"2025-08-31T19:02:32.804824","level":"info","event":"Сохранение 20 страниц","logger":"pipeline_tools.db"}
{"timestamp":"2025-08-31T19:02:32.813063","level":"warning","event":"/home/airflow/.local/lib/python3.12/site-packages/pipeline_tools/db.py:74: UserWarning: Статья \"Angular и AI: ускоряем процесс разработки\" уже есть в базе данных\n  warnings.warn(\n","logger":"py.warnings"}
{"timestamp":"2025-08-31T19:02:32.820244","level":"warning","event":"/home/airflow/.local/lib/python3.12/site-packages/pipeline_tools/db.py:74: UserWarning: Статья \"Парсер Гугл Карт: обзор, инструкция и сценарии для многопоточного парсера — готовое решение для парсинга отзывов\" уже есть в базе данных\n  warnings.warn(\n","logger":"py.warnings"}
{"timestamp":"2025-08-31T19:02:32.828510","level":"warning","event":"/home/airflow/.local/lib/python3.12/site-packages/pipeline_tools/db.py:74: UserWarning: Статья \"Вкусы и предпочтения больших языковых моделей\" уже есть в базе данных\n  warnings.warn(\n","logger":"py.warnings"}
{"timestamp":"2025-08-31T19:02:32.836534","level":"warning","event":"/home/airflow/.local/lib/python3.12/site-packages/pipeline_tools/db.py:74: UserWarning: Статья \"TDD и цикл обратной связи\" уже есть в базе данных\n  warnings.warn(\n","logger":"py.warnings"}
{"timestamp":"2025-08-31T19:02:32.844155","level":"warning","event":"/home/airflow/.local/lib/python3.12/site-packages/pipeline_tools/db.py:74: UserWarning: Статья \"С нулем опыта на синьора, мой опыт\" уже есть в базе данных\n  warnings.warn(\n","logger":"py.warnings"}
{"timestamp":"2025-08-31T19:02:32.852792","level":"warning","event":"/home/airflow/.local/lib/python3.12/site-packages/pipeline_tools/db.py:74: UserWarning: Статья \"В Торгово-промышленной палате обсудили проблемы здоровья\" уже есть в базе данных\n  warnings.warn(\n","logger":"py.warnings"}
{"timestamp":"2025-08-31T19:02:32.860130","level":"warning","event":"/home/airflow/.local/lib/python3.12/site-packages/pipeline_tools/db.py:74: UserWarning: Статья \"От морзянки до чатиков с мемами: история текстового общения\" уже есть в базе данных\n  warnings.warn(\n","logger":"py.warnings"}
{"timestamp":"2025-08-31T19:02:32.868456","level":"warning","event":"/home/airflow/.local/lib/python3.12/site-packages/pipeline_tools/db.py:74: UserWarning: Статья \"Битрикс24 Factory, Operation, Action разбираемся с новым API CRM и строим масштабируемую архитектуру для смарт-процессов\" уже есть в базе данных\n  warnings.warn(\n","logger":"py.warnings"}
{"timestamp":"2025-08-31T19:02:32.875285","level":"warning","event":"/home/airflow/.local/lib/python3.12/site-packages/pipeline_tools/db.py:74: UserWarning: Статья \"25к вишей с Твиттера игры Dead Weight. Палим цифры, настройки и креативы\" уже есть в базе данных\n  warnings.warn(\n","logger":"py.warnings"}
{"timestamp":"2025-08-31T19:02:32.880590","level":"warning","event":"/home/airflow/.local/lib/python3.12/site-packages/pipeline_tools/db.py:74: UserWarning: Статья \"Что нас ждет? Перечитываем «Капитал в XXI веке» Тома Пикетти\" уже есть в базе данных\n  warnings.warn(\n","logger":"py.warnings"}
{"timestamp":"2025-08-31T19:02:32.892904","level":"info","event":"Done. Returned value was: None","logger":"airflow.task.operators.airflow.providers.standard.operators.python.PythonOperator"}
