{"timestamp":"2025-08-31T18:16:45.958458","level":"info","event":"DAG bundles loaded: dags-folder","logger":"airflow.dag_processing.bundles.manager.DagBundlesManager"}
{"timestamp":"2025-08-31T18:16:45.959095","level":"info","event":"Filling up the DagBag from /opt/airflow/dags/parse_habr_dag.py","logger":"airflow.models.dagbag.DagBag"}
{"timestamp":"2025-08-31T18:16:49.095030","level":"info","event":"Сохранение 20 страниц","logger":"pipeline_tools.db"}
{"timestamp":"2025-08-31T18:16:49.104547","level":"warning","event":"/home/airflow/.local/lib/python3.12/site-packages/pipeline_tools/db.py:72: UserWarning: Статья \"Диалог между поколениями ИТ-шников\" уже есть в базе данных\n  warnings.warn(\n","logger":"py.warnings"}
{"timestamp":"2025-08-31T18:16:49.110158","level":"warning","event":"/home/airflow/.local/lib/python3.12/site-packages/pipeline_tools/db.py:72: UserWarning: Статья \"Чистим строку от лишних/повторяющихся пробелов (и пробельных символов) в строковых значениях компактно. RegExp\" уже есть в базе данных\n  warnings.warn(\n","logger":"py.warnings"}
{"timestamp":"2025-08-31T18:16:49.114438","level":"warning","event":"/home/airflow/.local/lib/python3.12/site-packages/pipeline_tools/db.py:72: UserWarning: Статья \"CSMA на практике: как слой управления инфраструктурой и Identity Fabric связывают ИТ и ИБ в единую систему\" уже есть в базе данных\n  warnings.warn(\n","logger":"py.warnings"}
{"timestamp":"2025-08-31T18:16:49.118349","level":"warning","event":"/home/airflow/.local/lib/python3.12/site-packages/pipeline_tools/db.py:72: UserWarning: Статья \"Compose Multiplatform простое приложение c MVI\" уже есть в базе данных\n  warnings.warn(\n","logger":"py.warnings"}
{"timestamp":"2025-08-31T18:16:49.122150","level":"warning","event":"/home/airflow/.local/lib/python3.12/site-packages/pipeline_tools/db.py:72: UserWarning: Статья \"Открытая олимпиада МЭИ «Надежда энергетики». Конкурс «Хакатон ХИ-Квадрат» Как это было\" уже есть в базе данных\n  warnings.warn(\n","logger":"py.warnings"}
{"timestamp":"2025-08-31T18:16:49.126453","level":"warning","event":"/home/airflow/.local/lib/python3.12/site-packages/pipeline_tools/db.py:72: UserWarning: Статья \"Взламываем Код Реальности\" уже есть в базе данных\n  warnings.warn(\n","logger":"py.warnings"}
{"timestamp":"2025-08-31T18:16:49.132513","level":"warning","event":"/home/airflow/.local/lib/python3.12/site-packages/pipeline_tools/db.py:72: UserWarning: Статья \"Мобильная разработка за неделю #600 (25 — 31 августа)\" уже есть в базе данных\n  warnings.warn(\n","logger":"py.warnings"}
{"timestamp":"2025-08-31T18:16:49.136482","level":"warning","event":"/home/airflow/.local/lib/python3.12/site-packages/pipeline_tools/db.py:72: UserWarning: Статья \"Чем болен средний бизнес? Статья 4. Миллионы на ветер: как не купить IT-систему, которая вас разорит\" уже есть в базе данных\n  warnings.warn(\n","logger":"py.warnings"}
{"timestamp":"2025-08-31T18:16:49.140316","level":"warning","event":"/home/airflow/.local/lib/python3.12/site-packages/pipeline_tools/db.py:72: UserWarning: Статья \"Автоматизированная отладка Playwright-тестов с AI\" уже есть в базе данных\n  warnings.warn(\n","logger":"py.warnings"}
{"timestamp":"2025-08-31T18:16:49.145289","level":"warning","event":"/home/airflow/.local/lib/python3.12/site-packages/pipeline_tools/db.py:72: UserWarning: Статья \"Обратная совместимость в Java-мире\" уже есть в базе данных\n  warnings.warn(\n","logger":"py.warnings"}
{"timestamp":"2025-08-31T18:16:49.175833","level":"info","event":"Сохранение 20 страниц","logger":"pipeline_tools.db"}
{"timestamp":"2025-08-31T18:16:49.191074","level":"warning","event":"/home/airflow/.local/lib/python3.12/site-packages/pipeline_tools/db.py:72: UserWarning: Статья \"Google меняет правила игры: верификация разработчиков и ограничения APK в Android\" уже есть в базе данных\n  warnings.warn(\n","logger":"py.warnings"}
{"timestamp":"2025-08-31T18:16:49.196357","level":"warning","event":"/home/airflow/.local/lib/python3.12/site-packages/pipeline_tools/db.py:72: UserWarning: Статья \"Продолжение. Год спустя. «Конец августа 2024. YouTube после замедления, про Rutube, Дзен и VK видео»\" уже есть в базе данных\n  warnings.warn(\n","logger":"py.warnings"}
{"timestamp":"2025-08-31T18:16:49.200786","level":"warning","event":"/home/airflow/.local/lib/python3.12/site-packages/pipeline_tools/db.py:72: UserWarning: Статья \"Сентябрь 2025. Астрономический календарь\" уже есть в базе данных\n  warnings.warn(\n","logger":"py.warnings"}
{"timestamp":"2025-08-31T18:16:49.204917","level":"warning","event":"/home/airflow/.local/lib/python3.12/site-packages/pipeline_tools/db.py:72: UserWarning: Статья \"Память в Swift\" уже есть в базе данных\n  warnings.warn(\n","logger":"py.warnings"}
{"timestamp":"2025-08-31T18:16:49.209063","level":"warning","event":"/home/airflow/.local/lib/python3.12/site-packages/pipeline_tools/db.py:72: UserWarning: Статья \"Как я воскрешал аккумуляторы шуруповёрта\" уже есть в базе данных\n  warnings.warn(\n","logger":"py.warnings"}
{"timestamp":"2025-08-31T18:16:49.213926","level":"warning","event":"/home/airflow/.local/lib/python3.12/site-packages/pipeline_tools/db.py:72: UserWarning: Статья \"Новости кибербезопасности за неделю с 25 по 31 августа 2025\" уже есть в базе данных\n  warnings.warn(\n","logger":"py.warnings"}
{"timestamp":"2025-08-31T18:16:49.218221","level":"warning","event":"/home/airflow/.local/lib/python3.12/site-packages/pipeline_tools/db.py:72: UserWarning: Статья \"Как понять самое важное уравнение Вселенной\" уже есть в базе данных\n  warnings.warn(\n","logger":"py.warnings"}
{"timestamp":"2025-08-31T18:16:49.222468","level":"warning","event":"/home/airflow/.local/lib/python3.12/site-packages/pipeline_tools/db.py:72: UserWarning: Статья \"UltraRAM: память, которая меняет правила игры\" уже есть в базе данных\n  warnings.warn(\n","logger":"py.warnings"}
{"timestamp":"2025-08-31T18:16:49.228817","level":"warning","event":"/home/airflow/.local/lib/python3.12/site-packages/pipeline_tools/db.py:72: UserWarning: Статья \"Жизненный цикл ресторана и жизненный цикл платформы: почему цифровые монополии не разоряются, а просто становятся хуже\" уже есть в базе данных\n  warnings.warn(\n","logger":"py.warnings"}
{"timestamp":"2025-08-31T18:16:49.233643","level":"warning","event":"/home/airflow/.local/lib/python3.12/site-packages/pipeline_tools/db.py:72: UserWarning: Статья \"«Половина компаний закроется, вторую половину купят» — итоги импортозамещения в ИБ\" уже есть в базе данных\n  warnings.warn(\n","logger":"py.warnings"}
{"timestamp":"2025-08-31T18:16:49.244264","level":"info","event":"Сохранение 20 страниц","logger":"pipeline_tools.db"}
{"timestamp":"2025-08-31T18:16:49.252213","level":"warning","event":"/home/airflow/.local/lib/python3.12/site-packages/pipeline_tools/db.py:72: UserWarning: Статья \"Осознанный выбор паттернов типизации в TypeScript: Снижение техдолга для ускорения разработки\" уже есть в базе данных\n  warnings.warn(\n","logger":"py.warnings"}
{"timestamp":"2025-08-31T18:16:49.258254","level":"warning","event":"/home/airflow/.local/lib/python3.12/site-packages/pipeline_tools/db.py:72: UserWarning: Статья \"Общий алгоритм саморазвития системы\" уже есть в базе данных\n  warnings.warn(\n","logger":"py.warnings"}
{"timestamp":"2025-08-31T18:16:49.264521","level":"warning","event":"/home/airflow/.local/lib/python3.12/site-packages/pipeline_tools/db.py:72: UserWarning: Статья \"Цифровые призраки: Полное руководство по поиску скрытых данных и история создания нашего «детектора лжи»\" уже есть в базе данных\n  warnings.warn(\n","logger":"py.warnings"}
{"timestamp":"2025-08-31T18:16:49.270745","level":"warning","event":"/home/airflow/.local/lib/python3.12/site-packages/pipeline_tools/db.py:72: UserWarning: Статья \"Регистрация ИП в Грузии: полный гайд с учетом изменений в 2025 и 2026 годах\" уже есть в базе данных\n  warnings.warn(\n","logger":"py.warnings"}
{"timestamp":"2025-08-31T18:16:49.277759","level":"warning","event":"/home/airflow/.local/lib/python3.12/site-packages/pipeline_tools/db.py:72: UserWarning: Статья \"Является ли остаток сверхновой Кассиопея А ПэВатроном? Разгадка уже близка\" уже есть в базе данных\n  warnings.warn(\n","logger":"py.warnings"}
{"timestamp":"2025-08-31T18:16:49.283887","level":"warning","event":"/home/airflow/.local/lib/python3.12/site-packages/pipeline_tools/db.py:72: UserWarning: Статья \"Arch Linux на ZFS для людей: новый TUI-установщик archinstall_zfs\" уже есть в базе данных\n  warnings.warn(\n","logger":"py.warnings"}
{"timestamp":"2025-08-31T18:16:49.289416","level":"warning","event":"/home/airflow/.local/lib/python3.12/site-packages/pipeline_tools/db.py:72: UserWarning: Статья \"Вайб-кодинг: как использовать нейросети и не получать плохой код\" уже есть в базе данных\n  warnings.warn(\n","logger":"py.warnings"}
{"timestamp":"2025-08-31T18:16:49.296603","level":"warning","event":"/home/airflow/.local/lib/python3.12/site-packages/pipeline_tools/db.py:72: UserWarning: Статья \"Уровни изоляции транзакций для собеседования и работы\" уже есть в базе данных\n  warnings.warn(\n","logger":"py.warnings"}
{"timestamp":"2025-08-31T18:16:49.301103","level":"warning","event":"/home/airflow/.local/lib/python3.12/site-packages/pipeline_tools/db.py:72: UserWarning: Статья \"Техподдержка Avito. Или когда деньги важнее компетентного персонала\" уже есть в базе данных\n  warnings.warn(\n","logger":"py.warnings"}
{"timestamp":"2025-08-31T18:16:49.305418","level":"warning","event":"/home/airflow/.local/lib/python3.12/site-packages/pipeline_tools/db.py:72: UserWarning: Статья \"Как MWS Cloud Platform маскирует обыденность под инновации. Разбор нового «независимого» облака\" уже есть в базе данных\n  warnings.warn(\n","logger":"py.warnings"}
{"timestamp":"2025-08-31T18:16:49.314805","level":"info","event":"Сохранение 20 страниц","logger":"pipeline_tools.db"}
{"timestamp":"2025-08-31T18:16:49.320275","level":"warning","event":"/home/airflow/.local/lib/python3.12/site-packages/pipeline_tools/db.py:72: UserWarning: Статья \"Angular и AI: ускоряем процесс разработки\" уже есть в базе данных\n  warnings.warn(\n","logger":"py.warnings"}
{"timestamp":"2025-08-31T18:16:49.326667","level":"warning","event":"/home/airflow/.local/lib/python3.12/site-packages/pipeline_tools/db.py:72: UserWarning: Статья \"Парсер Гугл Карт: обзор, инструкция и сценарии для многопоточного парсера — готовое решение для парсинга отзывов\" уже есть в базе данных\n  warnings.warn(\n","logger":"py.warnings"}
{"timestamp":"2025-08-31T18:16:49.332333","level":"warning","event":"/home/airflow/.local/lib/python3.12/site-packages/pipeline_tools/db.py:72: UserWarning: Статья \"Вкусы и предпочтения больших языковых моделей\" уже есть в базе данных\n  warnings.warn(\n","logger":"py.warnings"}
{"timestamp":"2025-08-31T18:16:49.337803","level":"warning","event":"/home/airflow/.local/lib/python3.12/site-packages/pipeline_tools/db.py:72: UserWarning: Статья \"TDD и цикл обратной связи\" уже есть в базе данных\n  warnings.warn(\n","logger":"py.warnings"}
{"timestamp":"2025-08-31T18:16:49.344276","level":"warning","event":"/home/airflow/.local/lib/python3.12/site-packages/pipeline_tools/db.py:72: UserWarning: Статья \"С нулем опыта на синьора, мой опыт\" уже есть в базе данных\n  warnings.warn(\n","logger":"py.warnings"}
{"timestamp":"2025-08-31T18:16:49.351246","level":"warning","event":"/home/airflow/.local/lib/python3.12/site-packages/pipeline_tools/db.py:72: UserWarning: Статья \"В Торгово-промышленной палате обсудили проблемы здоровья\" уже есть в базе данных\n  warnings.warn(\n","logger":"py.warnings"}
{"timestamp":"2025-08-31T18:16:49.359720","level":"warning","event":"/home/airflow/.local/lib/python3.12/site-packages/pipeline_tools/db.py:72: UserWarning: Статья \"От морзянки до чатиков с мемами: история текстового общения\" уже есть в базе данных\n  warnings.warn(\n","logger":"py.warnings"}
{"timestamp":"2025-08-31T18:16:49.366474","level":"warning","event":"/home/airflow/.local/lib/python3.12/site-packages/pipeline_tools/db.py:72: UserWarning: Статья \"Битрикс24 Factory, Operation, Action разбираемся с новым API CRM и строим масштабируемую архитектуру для смарт-процессов\" уже есть в базе данных\n  warnings.warn(\n","logger":"py.warnings"}
{"timestamp":"2025-08-31T18:16:49.371676","level":"warning","event":"/home/airflow/.local/lib/python3.12/site-packages/pipeline_tools/db.py:72: UserWarning: Статья \"25к вишей с Твиттера игры Dead Weight. Палим цифры, настройки и креативы\" уже есть в базе данных\n  warnings.warn(\n","logger":"py.warnings"}
{"timestamp":"2025-08-31T18:16:49.378541","level":"warning","event":"/home/airflow/.local/lib/python3.12/site-packages/pipeline_tools/db.py:72: UserWarning: Статья \"Что нас ждет? Перечитываем «Капитал в XXI веке» Тома Пикетти\" уже есть в базе данных\n  warnings.warn(\n","logger":"py.warnings"}
{"timestamp":"2025-08-31T18:16:49.389209","level":"info","event":"Done. Returned value was: None","logger":"airflow.task.operators.airflow.providers.standard.operators.python.PythonOperator"}
